<?xml version="1.0" encoding="UTF-8"?>
<!-- Generated by org.testng.reporters.JUnitReportReporter -->
<testsuite hostname="LAPTOP-JHTH1REC" failures="0" tests="1" name="com.automation.tests.LoginPageTest" time="0.711" errors="0" timestamp="2024-07-15T01:22:09 IST" skipped="0">
  <testcase classname="com.automation.tests.LoginPageTest" name="testLoginPage" time="0.711"/>
  <system-out>
    <![CDATA[Suite is getting ready
Session has been ended]]>
  </system-out>
</testsuite> <!-- com.automation.tests.LoginPageTest -->
